<?xml version="1.0" encoding="UTF-8"?>
<testsuite name="GradleTests" tests="5" skipped="0" failures="0" errors="0" timestamp="2022-11-23T21:00:19" hostname="BAZALUDZIUMARŁY" time="0.017">
  <properties/>
  <testcase name="testListNotEmpty()" classname="GradleTests" time="0.013"/>
  <testcase name="testEmptyFriendsList1()" classname="GradleTests" time="0.001"/>
  <testcase name="testAddingFriends()" classname="GradleTests" time="0.002"/>
  <testcase name="testEmptyFriendsList()" classname="GradleTests" time="0.001"/>
  <testcase name="testPrivateMethodUsingReflection()" classname="GradleTests" time="0.0"/>
  <system-out><![CDATA[true
true
]]></system-out>
  <system-err><![CDATA[]]></system-err>
</testsuite>
