<?xml version="1.0" encoding="UTF-8"?>
<testsuite name="AssertJHamcrestTests" tests="10" skipped="0" failures="0" errors="0" timestamp="2022-11-23T21:47:07" hostname="BAZALUDZIUMARŁY" time="0.064">
  <properties/>
  <testcase name="testListContentEmpty()" classname="AssertJHamcrestTests" time="0.012"/>
  <testcase name="testListLength()" classname="AssertJHamcrestTests" time="0.003"/>
  <testcase name="testListBeginsAssertJ()" classname="AssertJHamcrestTests" time="0.04"/>
  <testcase name="testListContainsAssertJ()" classname="AssertJHamcrestTests" time="0.0"/>
  <testcase name="testListContentEmptyCompletely()" classname="AssertJHamcrestTests" time="0.0"/>
  <testcase name="testListContent()" classname="AssertJHamcrestTests" time="0.002"/>
  <testcase name="testListContentNotNullAssertJ()" classname="AssertJHamcrestTests" time="0.001"/>
  <testcase name="testListContentAssertJ()" classname="AssertJHamcrestTests" time="0.0"/>
  <testcase name="testListContentUnOrdered()" classname="AssertJHamcrestTests" time="0.0"/>
  <testcase name="testListLengthAssertJ()" classname="AssertJHamcrestTests" time="0.001"/>
  <system-out><![CDATA[]]></system-out>
  <system-err><![CDATA[]]></system-err>
</testsuite>
