<?xml version="1.0" encoding="UTF-8"?>
<testsuite name="GradleTests" tests="3" skipped="0" failures="0" errors="0" timestamp="2022-11-23T20:36:56" hostname="BAZALUDZIUMARŁY" time="0.016">
  <properties/>
  <testcase name="testListNotEmpty()" classname="GradleTests" time="0.012"/>
  <testcase name="testAddingFriends()" classname="GradleTests" time="0.002"/>
  <testcase name="testPrivateMethodUsingReflection()" classname="GradleTests" time="0.001"/>
  <system-out><![CDATA[true
true
]]></system-out>
  <system-err><![CDATA[]]></system-err>
</testsuite>
